Timestamp	Filename	Error	Message
2012-10-19 10:11:12.133 -0400	Crumb.fmp12	0	Import of script steps from clipboard started
2012-10-19 10:11:12.173 -0400	Test Custom Function: CrumbSetLayoutVariables	0	script steps imported : 10
2012-10-19 10:11:12.173 -0400	Crumb.fmp12	0	Import completed
2012-10-19 10:12:28.934 -0400	Crumb.fmp12	0	Import of script steps from clipboard started
2012-10-19 10:12:28.935 -0400	Test Custom Function: CrumbSetLayoutVariables	0	script steps imported : 1
2012-10-19 10:12:28.935 -0400	Crumb.fmp12	0	Import completed
2012-10-19 10:12:29.124 -0400	Crumb.fmp12	0	Import of script steps from clipboard started
2012-10-19 10:12:29.125 -0400	Test Custom Function: CrumbSetLayoutVariables	0	script steps imported : 1
2012-10-19 10:12:29.125 -0400	Crumb.fmp12	0	Import completed
2012-10-19 10:12:29.365 -0400	Crumb.fmp12	0	Import of script steps from clipboard started
2012-10-19 10:12:29.367 -0400	Test Custom Function: CrumbSetLayoutVariables	0	script steps imported : 1
2012-10-19 10:12:29.367 -0400	Crumb.fmp12	0	Import completed
2012-10-19 10:13:18.452 -0400	Crumb.fmp12	0	Import of script steps from clipboard started
2012-10-19 10:13:18.452 -0400	Test Custom Function: CrumbSetLayoutVariables	0	script steps imported : 1
2012-10-19 10:13:18.453 -0400	Crumb.fmp12	0	Import completed
2012-10-19 10:17:40.984 -0400	Crumb.fmp12	0	Import of script steps from clipboard started
2012-10-19 10:17:40.990 -0400	Test Custom Function: CrumbSetLayoutVariables	0	script steps imported : 1
2012-10-19 10:17:40.990 -0400	Crumb.fmp12	0	Import completed
2012-10-19 10:19:42.137 -0400	Crumb.fmp12	0	Import of script steps from clipboard started
2012-10-19 10:19:42.143 -0400	Test Custom Function: CrumbSetLayoutVariables	0	script steps imported : 1
2012-10-19 10:19:42.143 -0400	Crumb.fmp12	0	Import completed
2012-10-19 10:19:50.785 -0400	Crumb.fmp12	0	Import of script steps from clipboard started
2012-10-19 10:19:50.789 -0400	Test Custom Function: CrumbSetLayoutVariables	0	script steps imported : 1
2012-10-19 10:19:50.789 -0400	Crumb.fmp12	0	Import completed
2012-10-19 10:20:42.862 -0400	Crumb.fmp12	0	Import of script steps from clipboard started
2012-10-19 10:20:42.867 -0400	Test Custom Function: CrumbSetLayoutVariables	0	script steps imported : 1
2012-10-19 10:20:42.867 -0400	Crumb.fmp12	0	Import completed
2012-10-19 10:22:47.388 -0400	Crumb.fmp12	0	Import of script steps from clipboard started
2012-10-19 10:22:47.393 -0400	Test Custom Function: CrumbSetLayoutVariables	0	script steps imported : 1
2012-10-19 10:22:47.393 -0400	Crumb.fmp12	0	Import completed
2012-10-19 10:24:11.784 -0400	Crumb.fmp12	0	Import of script steps from clipboard started
2012-10-19 10:24:11.789 -0400	Test Custom Function: CrumbSetLayoutVariables	0	script steps imported : 1
2012-10-19 10:24:11.789 -0400	Crumb.fmp12	0	Import completed
2012-10-19 10:25:00.828 -0400	Crumb.fmp12	0	Import of script steps from clipboard started
2012-10-19 10:25:00.836 -0400	Test Custom Function: CrumbSetLayoutVariables	0	script steps imported : 2
2012-10-19 10:25:00.837 -0400	Crumb.fmp12	0	Import completed
2012-10-19 10:25:30.299 -0400	Crumb.fmp12	0	Import of script steps from clipboard started
2012-10-19 10:25:30.303 -0400	Test Custom Function: CrumbSetLayoutVariables	0	script steps imported : 1
2012-10-19 10:25:30.303 -0400	Crumb.fmp12	0	Import completed
2012-10-19 10:25:57.742 -0400	Crumb.fmp12	0	Import of script steps from clipboard started
2012-10-19 10:25:57.746 -0400	Test Custom Function: CrumbSetLayoutVariables	0	script steps imported : 1
2012-10-19 10:25:57.747 -0400	Crumb.fmp12	0	Import completed
2012-10-19 10:27:56.822 -0400	Crumb.fmp12	0	Import of script steps from clipboard started
2012-10-19 10:27:56.827 -0400	Test Custom Function: CrumbSetLayoutVariables	0	script steps imported : 1
2012-10-19 10:27:56.828 -0400	Crumb.fmp12	0	Import completed
2012-10-19 10:29:03.965 -0400	Crumb.fmp12	0	Import of script steps from clipboard started
2012-10-19 10:29:03.985 -0400	Test Custom Function: CrumbSetLayoutVariables	0	script steps imported : 9
2012-10-19 10:29:03.985 -0400	Crumb.fmp12	0	Import completed
2012-10-19 10:31:09.973 -0400	Crumb.fmp12	0	Import of script steps from clipboard started
2012-10-19 10:31:10.070 -0400	Test Custom Function: CrumbSetLayoutVariables	0	script steps imported : 4
2012-10-19 10:31:10.070 -0400	Crumb.fmp12	0	Import completed
2012-10-19 10:39:52.893 -0400	Crumb.fmp12	0	Import of script steps from clipboard started
2012-10-19 10:39:52.901 -0400	Test Custom Function: CrumbSetLayoutVariables	0	script steps imported : 2
2012-10-19 10:39:52.901 -0400	Crumb.fmp12	0	Import completed
2012-10-19 10:42:38.195 -0400	Crumb.fmp12	0	Import of script steps from clipboard started
2012-10-19 10:42:38.199 -0400	Test Custom Function: CrumbSetLayoutVariables	0	script steps imported : 1
2012-10-19 10:42:38.199 -0400	Crumb.fmp12	0	Import completed
2012-10-19 10:42:39.195 -0400	Crumb.fmp12	0	Import of script steps from clipboard started
2012-10-19 10:42:39.199 -0400	Test Custom Function: CrumbSetLayoutVariables	0	script steps imported : 1
2012-10-19 10:42:39.199 -0400	Crumb.fmp12	0	Import completed
2012-10-19 10:42:39.352 -0400	Crumb.fmp12	0	Import of script steps from clipboard started
2012-10-19 10:42:39.357 -0400	Test Custom Function: CrumbSetLayoutVariables	0	script steps imported : 1
2012-10-19 10:42:39.357 -0400	Crumb.fmp12	0	Import completed
2012-10-19 10:43:27.312 -0400	Crumb.fmp12	0	Import of script steps from clipboard started
2012-10-19 10:43:27.340 -0400	Test Custom Function: CrumbSetLayoutVariables	0	script steps imported : 11
2012-10-19 10:43:27.341 -0400	Crumb.fmp12	0	Import completed
2012-10-19 10:43:31.607 -0400	Crumb.fmp12	0	Import of script steps from clipboard started
2012-10-19 10:43:31.611 -0400	Test Custom Function: CrumbSetLayoutVariables	0	script steps imported : 1
2012-10-19 10:43:31.612 -0400	Crumb.fmp12	0	Import completed
2012-10-19 10:43:47.142 -0400	Crumb.fmp12	0	Import of script steps from clipboard started
2012-10-19 10:43:47.146 -0400	Test Custom Function: CrumbSetLayoutVariables	0	script steps imported : 1
2012-10-19 10:43:47.147 -0400	Crumb.fmp12	0	Import completed
2012-10-19 10:43:49.998 -0400	Crumb.fmp12	0	Import of script steps from clipboard started
2012-10-19 10:43:49.999 -0400	Test Custom Function: CrumbSetLayoutVariables	0	script steps imported : 1
2012-10-19 10:43:49.999 -0400	Crumb.fmp12	0	Import completed
2012-10-19 10:50:21.030 -0400	Crumb.fmp12	0	Import of script steps from clipboard started
2012-10-19 10:50:21.037 -0400	Test Custom Function: CrumbSetLayoutVariables	0	script steps imported : 2
2012-10-19 10:50:21.038 -0400	Crumb.fmp12	0	Import completed
2012-10-19 10:50:53.930 -0400	Crumb.fmp12	0	Import of script steps from clipboard started
2012-10-19 10:50:53.935 -0400	Test Custom Function: CrumbSetLayoutVariables	0	script steps imported : 1
2012-10-19 10:50:53.935 -0400	Crumb.fmp12	0	Import completed
2012-10-19 10:52:08.957 -0400	Crumb.fmp12	0	Import of script steps from clipboard started
2012-10-19 10:52:08.961 -0400	Test Custom Function: CrumbSetLayoutVariables	0	script steps imported : 1
2012-10-19 10:52:08.962 -0400	Crumb.fmp12	0	Import completed
2012-10-19 10:52:42.421 -0400	Crumb.fmp12	0	Import of script steps from clipboard started
2012-10-19 10:52:42.425 -0400	Test Custom Function: CrumbSetLayoutVariables	0	script steps imported : 1
2012-10-19 10:52:42.425 -0400	Crumb.fmp12	0	Import completed
2012-10-19 10:56:21.291 -0400	Crumb.fmp12	0	Import of script steps from clipboard started
2012-10-19 10:56:21.295 -0400	Test Custom Function: CrumbSetLayoutVariables	0	script steps imported : 1
2012-10-19 10:56:21.295 -0400	Crumb.fmp12	0	Import completed
2012-10-19 10:56:30.844 -0400	Crumb.fmp12	0	Import of script steps from clipboard started
2012-10-19 10:56:30.850 -0400	Test Custom Function: CrumbSetLayoutVariables	0	script steps imported : 4
2012-10-19 10:56:30.851 -0400	Crumb.fmp12	0	Import completed
2012-10-19 10:59:30.017 -0400	Crumb.fmp12	0	Import of script steps from clipboard started
2012-10-19 10:59:30.046 -0400	Test Custom Function: CrumbSetLayoutVariables	0	script steps imported : 1
2012-10-19 10:59:30.047 -0400	Crumb.fmp12	0	Import completed
2012-10-19 11:11:04.656 -0400	Crumb.fmp12	0	Import of script steps from clipboard started
2012-10-19 11:11:04.662 -0400	Test Custom Function: CrumbSetLayoutVariables	0	script steps imported : 1
2012-10-19 11:11:04.662 -0400	Crumb.fmp12	0	Import completed
2012-10-19 11:14:45.570 -0400	Crumb.fmp12	0	Import of script steps from clipboard started
2012-10-19 11:14:45.576 -0400	Test Custom Function: CrumbSetLayoutVariables	0	script steps imported : 1
2012-10-19 11:14:45.576 -0400	Crumb.fmp12	0	Import completed
2012-10-19 11:15:40.910 -0400	Crumb.fmp12	0	Import of script steps from clipboard started
2012-10-19 11:15:40.916 -0400	Test Custom Function: CrumbSetLayoutVariables	0	script steps imported : 1
2012-10-19 11:15:40.916 -0400	Crumb.fmp12	0	Import completed
2012-10-19 11:16:13.924 -0400	Crumb.fmp12	0	Import of script steps from clipboard started
2012-10-19 11:16:13.930 -0400	Test Custom Function: CrumbSetLayoutVariables	0	script steps imported : 1
2012-10-19 11:16:13.930 -0400	Crumb.fmp12	0	Import completed
2012-10-19 11:17:53.550 -0400	Crumb.fmp12	0	Import of script steps from clipboard started
2012-10-19 11:17:53.551 -0400	Test Custom Function: CrumbSetLayoutVariables	0	script steps imported : 1
2012-10-19 11:17:53.551 -0400	Crumb.fmp12	0	Import completed
2012-10-19 11:18:13.111 -0400	Crumb.fmp12	0	Import of script steps from clipboard started
2012-10-19 11:18:13.116 -0400	Test Custom Function: CrumbSetLayoutVariables	0	script steps imported : 1
2012-10-19 11:18:13.117 -0400	Crumb.fmp12	0	Import completed
2012-10-19 11:20:30.506 -0400	Crumb.fmp12	0	Import of script steps from clipboard started
2012-10-19 11:20:30.506 -0400	Test Custom Function: CrumbSetLayoutVariables	0	script steps imported : 1
2012-10-19 11:20:30.507 -0400	Crumb.fmp12	0	Import completed
2012-10-19 11:21:45.845 -0400	Crumb.fmp12	0	Import of script steps from clipboard started
2012-10-19 11:21:45.858 -0400	Test Custom Function: CrumbSetLayoutVariables	0	script steps imported : 7
2012-10-19 11:21:45.859 -0400	Crumb.fmp12	0	Import completed
2012-10-19 11:25:55.921 -0400	Crumb.fmp12	0	Import of script steps from clipboard started
2012-10-19 11:25:55.930 -0400	Test Custom Function: CrumbSetLayoutVariables	0	script steps imported : 2
2012-10-19 11:25:55.930 -0400	Crumb.fmp12	0	Import completed
2012-10-19 11:27:09.507 -0400	Crumb.fmp12	0	Import of script steps from clipboard started
2012-10-19 11:27:09.508 -0400	Test Custom Function: CrumbSetLayoutVariables	0	script steps imported : 1
2012-10-19 11:27:09.508 -0400	Crumb.fmp12	0	Import completed
2012-10-19 11:44:40.844 -0400	Crumb.fmp12	0	Import of script steps from clipboard started
2012-10-19 11:44:40.848 -0400	Test Custom Function: CrumbSetLayoutVariables	0	script steps imported : 1
2012-10-19 11:44:40.848 -0400	Crumb.fmp12	0	Import completed
2012-10-19 12:08:37.228 -0400	Crumb.fmp12	0	Import of script steps from clipboard started
2012-10-19 12:08:37.241 -0400	Test Custom Function: CrumbSetLayoutVariables	0	script steps imported : 3
2012-10-19 12:08:37.241 -0400	Crumb.fmp12	0	Import completed
2012-10-19 12:13:32.773 -0400	Crumb.fmp12	0	Import of script steps from clipboard started
2012-10-19 12:13:32.774 -0400	Test Custom Function: CrumbSetLayoutVariables	0	script steps imported : 1
2012-10-19 12:13:32.774 -0400	Crumb.fmp12	0	Import completed
2012-10-19 12:13:34.021 -0400	Crumb.fmp12	0	Import of script steps from clipboard started
2012-10-19 12:13:34.022 -0400	Test Custom Function: CrumbSetLayoutVariables	0	script steps imported : 1
2012-10-19 12:13:34.023 -0400	Crumb.fmp12	0	Import completed
2012-10-19 12:13:36.180 -0400	Crumb.fmp12	0	Import of script steps from clipboard started
2012-10-19 12:13:36.181 -0400	Test Custom Function: CrumbSetLayoutVariables	0	script steps imported : 1
2012-10-19 12:13:36.182 -0400	Crumb.fmp12	0	Import completed
2012-10-22 11:46:45.275 -0400	Crumb.fmp12	0	Import of script steps from clipboard started
2012-10-22 11:46:45.287 -0400	Test: Load Crumb Navigation Data	0	script steps imported : 2
2012-10-22 11:46:45.288 -0400	Crumb.fmp12	0	Import completed
2012-10-22 11:47:02.885 -0400	Crumb.fmp12	0	Import of script steps from clipboard started
2012-10-22 11:47:02.886 -0400	Test: Load Crumb Navigation Data	0	script steps imported : 10
2012-10-22 11:47:02.886 -0400	Crumb.fmp12	0	Import completed
2012-10-22 11:47:34.101 -0400	Crumb.fmp12	0	Import of script steps from clipboard started
2012-10-22 11:47:34.421 -0400	Test: Load Crumb Navigation Data	0	script steps imported : 47
2012-10-22 11:47:34.430 -0400	Crumb.fmp12	0	Import completed
2012-10-22 11:53:55.232 -0400	Crumb.fmp12	0	Import of script steps from clipboard started
2012-10-22 11:53:55.238 -0400	Test: Load Crumb Navigation Data	0	script steps imported : 1
2012-10-22 11:53:55.238 -0400	Crumb.fmp12	0	Import completed
2012-10-22 11:56:48.841 -0400	Crumb.fmp12	0	Import of script steps from clipboard started
2012-10-22 11:56:48.850 -0400	Test: Load Crumb Navigation Data	0	script steps imported : 2
2012-10-22 11:56:48.851 -0400	Crumb.fmp12	0	Import completed
2012-10-22 12:01:50.006 -0400	Crumb.fmp12	0	Import of script steps from clipboard started
2012-10-22 12:01:50.011 -0400	Test: Load Crumb Navigation Data	0	script steps imported : 1
2012-10-22 12:01:50.011 -0400	Crumb.fmp12	0	Import completed
2012-10-22 12:06:30.616 -0400	Crumb.fmp12	0	Import of script steps from clipboard started
2012-10-22 12:06:30.620 -0400	Test: Load Crumb Navigation Data	0	script steps imported : 1
2012-10-22 12:06:30.621 -0400	Crumb.fmp12	0	Import completed
2012-10-22 12:06:42.488 -0400	Crumb.fmp12	0	Import of script steps from clipboard started
2012-10-22 12:06:42.494 -0400	Test: Load Crumb Navigation Data	0	script steps imported : 1
2012-10-22 12:06:42.494 -0400	Crumb.fmp12	0	Import completed
2012-10-22 12:06:49.173 -0400	Crumb.fmp12	0	Import of script steps from clipboard started
2012-10-22 12:06:49.179 -0400	Test: Load Crumb Navigation Data	0	script steps imported : 1
2012-10-22 12:06:49.179 -0400	Crumb.fmp12	0	Import completed
2012-10-22 12:07:00.806 -0400	Crumb.fmp12	0	Import of script steps from clipboard started
2012-10-22 12:07:00.811 -0400	Test: Load Crumb Navigation Data	0	script steps imported : 1
2012-10-22 12:07:00.811 -0400	Crumb.fmp12	0	Import completed
2012-10-22 12:07:15.864 -0400	Crumb.fmp12	0	Import of script steps from clipboard started
2012-10-22 12:07:15.869 -0400	Test: Load Crumb Navigation Data	0	script steps imported : 1
2012-10-22 12:07:15.869 -0400	Crumb.fmp12	0	Import completed
2012-10-22 12:07:33.602 -0400	Crumb.fmp12	0	Import of script steps from clipboard started
2012-10-22 12:07:33.607 -0400	Test: Load Crumb Navigation Data	0	script steps imported : 1
2012-10-22 12:07:33.608 -0400	Crumb.fmp12	0	Import completed
2012-10-22 12:07:37.797 -0400	Crumb.fmp12	0	Import of script steps from clipboard started
2012-10-22 12:07:37.803 -0400	Test: Load Crumb Navigation Data	0	script steps imported : 1
2012-10-22 12:07:37.803 -0400	Crumb.fmp12	0	Import completed
2012-10-22 12:13:35.430 -0400	Crumb.fmp12	0	Import of script steps from clipboard started
2012-10-22 12:13:35.431 -0400	Test: Load Crumb Navigation Data	0	script steps imported : 1
2012-10-22 12:13:35.432 -0400	Crumb.fmp12	0	Import completed
2012-10-22 12:13:36.485 -0400	Crumb.fmp12	0	Import of script steps from clipboard started
2012-10-22 12:13:36.485 -0400	Test: Load Crumb Navigation Data	0	script steps imported : 1
2012-10-22 12:13:36.486 -0400	Crumb.fmp12	0	Import completed
2012-10-22 12:13:37.783 -0400	Crumb.fmp12	0	Import of script steps from clipboard started
2012-10-22 12:13:37.784 -0400	Test: Load Crumb Navigation Data	0	script steps imported : 1
2012-10-22 12:13:37.784 -0400	Crumb.fmp12	0	Import completed
2012-10-22 12:14:16.889 -0400	Crumb.fmp12	0	Import of script steps from clipboard started
2012-10-22 12:14:16.897 -0400	Test: Load Crumb Navigation Data	0	script steps imported : 2
2012-10-22 12:14:16.898 -0400	Crumb.fmp12	0	Import completed
2012-10-22 12:15:19.962 -0400	Crumb.fmp12	0	Import of script steps from clipboard started
2012-10-22 12:15:19.967 -0400	Test: Load Crumb Navigation Data	0	script steps imported : 1
2012-10-22 12:15:19.968 -0400	Crumb.fmp12	0	Import completed
2012-10-22 12:16:34.945 -0400	Crumb.fmp12	0	Import of script steps from clipboard started
2012-10-22 12:16:34.951 -0400	Test: Load Crumb Navigation Data	0	script steps imported : 1
2012-10-22 12:16:34.951 -0400	Crumb.fmp12	0	Import completed
2012-10-22 12:27:18.215 -0400	Crumb.fmp12	0	Import of script steps from clipboard started
2012-10-22 12:27:18.218 -0400	Test: Load Crumb Navigation Data	0	script steps imported : 1
2012-10-22 12:27:18.218 -0400	Crumb.fmp12	0	Import completed
2012-10-22 12:35:01.716 -0400	Crumb.fmp12	0	Import of script steps from clipboard started
2012-10-22 12:35:01.722 -0400	Test: Load Crumb Navigation Data	0	script steps imported : 1
2012-10-22 12:35:01.722 -0400	Crumb.fmp12	0	Import completed
2012-10-22 12:36:41.613 -0400	Crumb.fmp12	0	Import of script steps from clipboard started
2012-10-22 12:36:41.614 -0400	Test: Load Crumb Navigation Data	0	script steps imported : 1
2012-10-22 12:36:41.615 -0400	Crumb.fmp12	0	Import completed
2012-10-22 12:36:42.401 -0400	Crumb.fmp12	0	Import of script steps from clipboard started
2012-10-22 12:36:42.402 -0400	Test: Load Crumb Navigation Data	0	script steps imported : 1
2012-10-22 12:36:42.403 -0400	Crumb.fmp12	0	Import completed
2012-10-22 12:38:01.878 -0400	Crumb.fmp12	0	Import of script steps from clipboard started
2012-10-22 12:38:01.879 -0400	Test: Load Crumb Navigation Data	0	script steps imported : 1
2012-10-22 12:38:01.879 -0400	Crumb.fmp12	0	Import completed
2012-10-22 13:03:23.081 -0400	Crumb.fmp12	0	Import of script steps from clipboard started
2012-10-22 13:03:23.086 -0400	Test: Load Crumb Navigation Data	0	script steps imported : 1
2012-10-22 13:03:23.086 -0400	Crumb.fmp12	0	Import completed
2012-10-22 13:03:34.498 -0400	Crumb.fmp12	0	Import of script steps from clipboard started
2012-10-22 13:03:34.509 -0400	Test: Load Crumb Navigation Data	0	script steps imported : 3
2012-10-22 13:03:34.509 -0400	Crumb.fmp12	0	Import completed
2012-10-22 13:03:39.834 -0400	Crumb.fmp12	0	Import of script steps from clipboard started
2012-10-22 13:03:39.839 -0400	Test: Load Crumb Navigation Data	0	script steps imported : 1
2012-10-22 13:03:39.839 -0400	Crumb.fmp12	0	Import completed
2012-10-22 13:10:28.820 -0400	Crumb.fmp12	0	Import of script steps from clipboard started
2012-10-22 13:10:28.826 -0400	Test: Load Crumb Navigation Data	0	script steps imported : 1
2012-10-22 13:10:28.826 -0400	Crumb.fmp12	0	Import completed
2012-10-22 13:20:32.432 -0400	Crumb.fmp12	0	Import of script steps from clipboard started
2012-10-22 13:20:32.437 -0400	Load Crumb Navigation Data ( layoutIDList ; layoutNameList )	0	script steps imported : 1
2012-10-22 13:20:32.437 -0400	Crumb.fmp12	0	Import completed
2012-10-22 13:20:44.872 -0400	Crumb.fmp12	0	Import of script steps from clipboard started
2012-10-22 13:20:44.877 -0400	Load Crumb Navigation Data ( layoutIDList ; layoutNameList )	0	script steps imported : 1
2012-10-22 13:20:44.877 -0400	Crumb.fmp12	0	Import completed
2012-10-22 13:21:17.902 -0400	Crumb.fmp12	0	Import of script steps from clipboard started
2012-10-22 13:21:17.905 -0400	Load Crumb Navigation Data ( layoutIDList ; layoutNameList )	0	script steps imported : 1
2012-10-22 13:21:17.905 -0400	Crumb.fmp12	0	Import completed
2012-10-22 13:21:27.468 -0400	Crumb.fmp12	0	Import of script steps from clipboard started
2012-10-22 13:21:27.469 -0400	Load Crumb Navigation Data ( layoutIDList ; layoutNameList )	0	script steps imported : 1
2012-10-22 13:21:27.469 -0400	Crumb.fmp12	0	Import completed
2012-10-22 13:21:47.947 -0400	Crumb.fmp12	0	Import of script steps from clipboard started
2012-10-22 13:21:47.948 -0400	Load Crumb Navigation Data ( layoutIDList ; layoutNameList )	0	script steps imported : 1
2012-10-22 13:21:47.949 -0400	Crumb.fmp12	0	Import completed
2012-10-22 13:22:10.336 -0400	Crumb.fmp12	0	Import of script steps from clipboard started
2012-10-22 13:22:10.337 -0400	Load Crumb Navigation Data ( layoutIDList ; layoutNameList )	0	script steps imported : 1
2012-10-22 13:22:10.337 -0400	Crumb.fmp12	0	Import completed
2012-10-22 13:22:33.246 -0400	Crumb.fmp12	0	Import of script steps from clipboard started
2012-10-22 13:22:33.251 -0400	Load Crumb Navigation Data ( layoutIDList ; layoutNameList )	0	script steps imported : 1
2012-10-22 13:22:33.251 -0400	Crumb.fmp12	0	Import completed
2012-10-22 13:22:40.157 -0400	Crumb.fmp12	0	Import of script steps from clipboard started
2012-10-22 13:22:40.162 -0400	Load Crumb Navigation Data ( layoutIDList ; layoutNameList )	0	script steps imported : 1
2012-10-22 13:22:40.162 -0400	Crumb.fmp12	0	Import completed
2012-10-22 13:24:23.201 -0400	Crumb.fmp12	0	Import of script steps from clipboard started
2012-10-22 13:24:23.202 -0400	Load Crumb Navigation Data ( layoutIDList ; layoutNameList )	0	script steps imported : 1
2012-10-22 13:24:23.202 -0400	Crumb.fmp12	0	Import completed
2012-10-22 13:24:24.338 -0400	Crumb.fmp12	0	Import of script steps from clipboard started
2012-10-22 13:24:24.339 -0400	Load Crumb Navigation Data ( layoutIDList ; layoutNameList )	0	script steps imported : 1
2012-10-22 13:24:24.340 -0400	Crumb.fmp12	0	Import completed
2012-10-22 13:30:04.984 -0400	Crumb.fmp12	0	Import of script steps from clipboard started
2012-10-22 13:30:04.989 -0400	Load Crumb Navigation Data ( layoutIDList ; layoutNameList )	0	script steps imported : 1
2012-10-22 13:30:04.990 -0400	Crumb.fmp12	0	Import completed
2012-10-22 13:33:30.236 -0400	Crumb.fmp12	0	Import of script steps from clipboard started
2012-10-22 13:33:30.242 -0400	Load Crumb Navigation Data ( layoutIDList ; layoutNameList )	0	script steps imported : 1
2012-10-22 13:33:30.242 -0400	Crumb.fmp12	0	Import completed
2012-10-22 13:33:38.312 -0400	Crumb.fmp12	0	Import of script steps from clipboard started
2012-10-22 13:33:38.316 -0400	Load Crumb Navigation Data ( layoutIDList ; layoutNameList )	0	script steps imported : 1
2012-10-22 13:33:38.316 -0400	Crumb.fmp12	0	Import completed
2012-10-22 13:33:40.503 -0400	Crumb.fmp12	0	Import of script steps from clipboard started
2012-10-22 13:33:40.508 -0400	Load Crumb Navigation Data ( layoutIDList ; layoutNameList )	0	script steps imported : 1
2012-10-22 13:33:40.509 -0400	Crumb.fmp12	0	Import completed
2012-10-22 13:35:06.771 -0400	Crumb.fmp12	0	Import of script steps from clipboard started
2012-10-22 13:35:06.793 -0400	Load Crumb Navigation Data ( layoutIDList ; layoutNameList )	0	script steps imported : 7
2012-10-22 13:35:06.793 -0400	Crumb.fmp12	0	Import completed
2012-10-22 13:35:10.531 -0400	Crumb.fmp12	0	Import of script steps from clipboard started
2012-10-22 13:35:10.531 -0400	Load Crumb Navigation Data ( layoutIDList ; layoutNameList )	0	script steps imported : 1
2012-10-22 13:35:10.532 -0400	Crumb.fmp12	0	Import completed
2012-10-22 13:37:51.015 -0400	Crumb.fmp12	0	Import of script steps from clipboard started
2012-10-22 13:37:51.020 -0400	Load Crumb Navigation Data ( layoutIDList ; layoutNameList )	0	script steps imported : 1
2012-10-22 13:37:51.020 -0400	Crumb.fmp12	0	Import completed
2012-10-22 13:38:08.816 -0400	Crumb.fmp12	0	Import of script steps from clipboard started
2012-10-22 13:38:08.820 -0400	Load Crumb Navigation Data ( layoutIDList ; layoutNameList )	0	script steps imported : 1
2012-10-22 13:38:08.820 -0400	Crumb.fmp12	0	Import completed
2012-10-22 13:39:20.006 -0400	Crumb.fmp12	0	Import of script steps from clipboard started
2012-10-22 13:39:20.007 -0400	Load Crumb Navigation Data ( layoutIDList ; layoutNameList )	0	script steps imported : 1
2012-10-22 13:39:20.007 -0400	Crumb.fmp12	0	Import completed
2012-10-22 13:42:32.583 -0400	Crumb.fmp12	0	Import of script steps from clipboard started
2012-10-22 13:42:32.593 -0400	Load Crumb Navigation Data ( layoutIDList ; layoutNameList )	0	script steps imported : 2
2012-10-22 13:42:32.594 -0400	Crumb.fmp12	0	Import completed
2012-10-22 13:43:08.520 -0400	Crumb.fmp12	0	Import of script steps from clipboard started
2012-10-22 13:43:08.524 -0400	Load Crumb Navigation Data ( layoutIDList ; layoutNameList )	0	script steps imported : 1
2012-10-22 13:43:08.524 -0400	Crumb.fmp12	0	Import completed
2012-10-22 13:44:27.816 -0400	Crumb.fmp12	0	Import of script steps from clipboard started
2012-10-22 13:44:27.820 -0400	Load Crumb Navigation Data ( layoutIDList ; layoutNameList )	0	script steps imported : 1
2012-10-22 13:44:27.820 -0400	Crumb.fmp12	0	Import completed
2012-10-22 13:48:45.830 -0400	Crumb.fmp12	0	Import of script steps from clipboard started
2012-10-22 13:48:45.836 -0400	Load Crumb Navigation Data ( layoutIDList ; layoutNameList )	0	script steps imported : 1
2012-10-22 13:48:45.836 -0400	Crumb.fmp12	0	Import completed
2012-10-22 13:51:46.198 -0400	Crumb.fmp12	0	Import of script steps from clipboard started
2012-10-22 13:51:46.202 -0400	Load Crumb Navigation Data ( layoutIDList ; layoutNameList )	0	script steps imported : 1
2012-10-22 13:51:46.202 -0400	Crumb.fmp12	0	Import completed
2012-10-22 13:53:34.440 -0400	Crumb.fmp12	0	Import of script steps from clipboard started
2012-10-22 13:53:34.469 -0400	Load Crumb Navigation Data ( layoutIDList ; layoutNameList )	0	script steps imported : 10
2012-10-22 13:53:34.469 -0400	Crumb.fmp12	0	Import completed
2012-10-22 13:53:38.368 -0400	Crumb.fmp12	0	Import of script steps from clipboard started
2012-10-22 13:53:38.369 -0400	Load Crumb Navigation Data ( layoutIDList ; layoutNameList )	0	script steps imported : 1
2012-10-22 13:53:38.369 -0400	Crumb.fmp12	0	Import completed
2012-10-22 14:19:26.654 -0400	Crumb.fmp12	0	Import of script steps from clipboard started
2012-10-22 14:19:26.658 -0400	Test: Load Crumb Navigation Data	0	script steps imported : 1
2012-10-22 14:19:26.659 -0400	Crumb.fmp12	0	Import completed
2012-10-22 14:20:07.721 -0400	Crumb.fmp12	0	Import of script steps from clipboard started
2012-10-22 14:20:07.726 -0400	Test: Load Crumb Navigation Data	0	script steps imported : 1
2012-10-22 14:20:07.726 -0400	Crumb.fmp12	0	Import completed
2012-10-22 14:25:58.630 -0400	Crumb.fmp12	0	Import of script steps from clipboard started
2012-10-22 14:25:58.634 -0400	Test	0	script steps imported : 1
2012-10-22 14:25:58.634 -0400	Crumb.fmp12	0	Import completed
